<?xml version="1.0" encoding="UTF-8"?>
<testng-results ignored="0" total="1" passed="1" failed="0" skipped="0">
  <reporter-output>
  </reporter-output>
  <suite started-at="2026-03-20T20:12:01 ICT" name="Periplus Shopping Cart Suite" finished-at="2026-03-20T20:13:21 ICT" duration-ms="79902">
    <groups>
    </groups>
    <test started-at="2026-03-20T20:12:01 ICT" name="Cart Functionality Tests" finished-at="2026-03-20T20:13:21 ICT" duration-ms="79902">
      <class name="com.periplus.tests.ShoppingCartTest">
        <test-method is-config="true" signature="setup()[pri:0, instance:com.periplus.tests.ShoppingCartTest@5238896f]" started-at="2026-03-20T20:12:01 ICT" name="setup" finished-at="2026-03-20T20:12:03 ICT" duration-ms="1833" status="PASS">
          <reporter-output>
          </reporter-output>
        </test-method> <!-- setup -->
        <test-method signature="testAddToCartScenario()[pri:0, instance:com.periplus.tests.ShoppingCartTest@5238896f]" started-at="2026-03-20T20:12:03 ICT" name="testAddToCartScenario" description="Scenario B Part 2.2: Add one product to the cart" finished-at="2026-03-20T20:13:20 ICT" duration-ms="77560" status="PASS">
          <reporter-output>
          </reporter-output>
        </test-method> <!-- testAddToCartScenario -->
        <test-method is-config="true" signature="teardown()[pri:0, instance:com.periplus.tests.ShoppingCartTest@5238896f]" started-at="2026-03-20T20:13:20 ICT" name="teardown" finished-at="2026-03-20T20:13:21 ICT" duration-ms="449" status="PASS">
          <reporter-output>
          </reporter-output>
        </test-method> <!-- teardown -->
      </class> <!-- com.periplus.tests.ShoppingCartTest -->
    </test> <!-- Cart Functionality Tests -->
  </suite> <!-- Periplus Shopping Cart Suite -->
</testng-results>
